[2018-08-03T11:36:58.713] [INFO] server - Process POST /login...
[2018-08-03T11:36:58.775] [INFO] server - GET uel: https://api.weixin.qq.com/sns/jscode2session?appid=wxcd3c0187d1067210&secret=22563d6b581e7a55a5e43fd5a6c66d21&js_code=021NOFJY0CFJ112ZuSHY0W1DJY0NOFJ5&grant_type=authorization_code
[2018-08-03T11:36:58.964] [INFO] server - Response POST /login cost 202ms
[2018-08-03T11:37:00.684] [INFO] server - Process POST /api/user/launch...
[2018-08-03T11:37:00.724] [INFO] server - Response POST /api/user/launch cost 38ms
[2018-08-03T12:28:18.803] [INFO] server - Process POST /login...
[2018-08-03T12:28:18.856] [INFO] server - GET uel: https://api.weixin.qq.com/sns/jscode2session?appid=wxcd3c0187d1067210&secret=22563d6b581e7a55a5e43fd5a6c66d21&js_code=061CaIQd259wEC0zCUOd2efCQd2CaIQK&grant_type=authorization_code
[2018-08-03T12:28:19.015] [INFO] server - Response POST /login cost 146ms
[2018-08-03T12:28:20.682] [INFO] server - Process POST /login...
[2018-08-03T12:28:20.682] [INFO] server - GET uel: https://api.weixin.qq.com/sns/jscode2session?appid=wxcd3c0187d1067210&secret=22563d6b581e7a55a5e43fd5a6c66d21&js_code=021Ik5B90t7nlw1P80A90gwjB90Ik5BR&grant_type=authorization_code
[2018-08-03T12:28:20.811] [INFO] server - Response POST /login cost 129ms
[2018-08-03T12:28:21.656] [INFO] server - Process POST /api/user/launch...
[2018-08-03T12:28:21.758] [INFO] server - Response POST /api/user/launch cost 101ms
[2018-08-03T12:33:31.141] [INFO] server - Process POST /login...
[2018-08-03T12:33:31.143] [INFO] server - GET uel: https://api.weixin.qq.com/sns/jscode2session?appid=wxcd3c0187d1067210&secret=22563d6b581e7a55a5e43fd5a6c66d21&js_code=071b54Tz0x5djg1wGhSz0RIOSz0b54T6&grant_type=authorization_code
[2018-08-03T12:33:31.290] [INFO] server - Response POST /login cost 147ms
[2018-08-03T12:33:31.320] [INFO] server - Process POST /api/user/launch...
[2018-08-03T12:33:31.395] [INFO] server - Response POST /api/user/launch cost 69ms
[2018-08-03T12:33:37.876] [INFO] server - Process POST /login...
[2018-08-03T12:33:37.969] [INFO] server - GET uel: https://api.weixin.qq.com/sns/jscode2session?appid=wxcd3c0187d1067210&secret=22563d6b581e7a55a5e43fd5a6c66d21&js_code=001HlICc2FI2ZD00CGFc2OQGCc2HlICq&grant_type=authorization_code
[2018-08-03T12:33:38.345] [INFO] server - Response POST /login cost 377ms
[2018-08-03T12:33:38.452] [INFO] server - Process POST /api/user/launch...
[2018-08-03T12:33:38.519] [INFO] server - Response POST /api/user/launch cost 65ms
[2018-08-03T12:33:40.339] [INFO] server - Process POST /login...
[2018-08-03T12:33:40.368] [INFO] server - GET uel: https://api.weixin.qq.com/sns/jscode2session?appid=wxcd3c0187d1067210&secret=22563d6b581e7a55a5e43fd5a6c66d21&js_code=0714yTJN0zAVV322tcIN03iJJN04yTJS&grant_type=authorization_code
[2018-08-03T12:33:40.540] [INFO] server - Response POST /login cost 172ms
[2018-08-03T12:33:40.582] [INFO] server - Process POST /api/user/launch...
[2018-08-03T12:33:40.605] [INFO] server - Response POST /api/user/launch cost 19ms
[2018-08-03T12:33:54.651] [INFO] server - Process POST /login...
[2018-08-03T12:33:54.663] [INFO] server - GET uel: https://api.weixin.qq.com/sns/jscode2session?appid=wxcd3c0187d1067210&secret=22563d6b581e7a55a5e43fd5a6c66d21&js_code=021O1ZEe2zTa1C03V8Ce2CNYEe2O1ZEB&grant_type=authorization_code
[2018-08-03T12:33:54.813] [INFO] server - Response POST /login cost 150ms
[2018-08-03T12:33:55.001] [INFO] server - Process POST /api/user/launch...
[2018-08-03T12:33:55.039] [INFO] server - Response POST /api/user/launch cost 28ms
[2018-08-03T12:33:58.911] [INFO] server - Process POST /login...
[2018-08-03T12:33:58.912] [INFO] server - GET uel: https://api.weixin.qq.com/sns/jscode2session?appid=wxcd3c0187d1067210&secret=22563d6b581e7a55a5e43fd5a6c66d21&js_code=061V6hH81sqVQQ11cWI81bfuH81V6hHR&grant_type=authorization_code
[2018-08-03T12:33:59.030] [INFO] server - Response POST /login cost 119ms
[2018-08-03T12:33:59.047] [INFO] server - Process POST /api/user/launch...
[2018-08-03T12:33:59.066] [INFO] server - Response POST /api/user/launch cost 16ms
[2018-08-03T12:34:28.694] [INFO] server - Process POST /login...
[2018-08-03T12:34:28.694] [INFO] server - GET uel: https://api.weixin.qq.com/sns/jscode2session?appid=wxcd3c0187d1067210&secret=22563d6b581e7a55a5e43fd5a6c66d21&js_code=061xvFwc1iTanu0JTTvc11mNwc1xvFw6&grant_type=authorization_code
[2018-08-03T12:34:28.814] [INFO] server - Response POST /login cost 120ms
[2018-08-03T12:34:29.679] [INFO] server - Process POST /api/user/launch...
[2018-08-03T12:34:29.693] [INFO] server - Response POST /api/user/launch cost 14ms
[2018-08-03T12:34:39.680] [INFO] server - Process POST /login...
[2018-08-03T12:34:39.681] [INFO] server - GET uel: https://api.weixin.qq.com/sns/jscode2session?appid=wxcd3c0187d1067210&secret=22563d6b581e7a55a5e43fd5a6c66d21&js_code=021PXY4p1tXT2r0ZUJ4p1KrB4p1PXY4P&grant_type=authorization_code
[2018-08-03T12:34:39.790] [INFO] server - Response POST /login cost 109ms
[2018-08-03T12:34:40.659] [INFO] server - Process POST /api/user/launch...
[2018-08-03T12:34:40.670] [INFO] server - Response POST /api/user/launch cost 10ms
[2018-08-03T12:35:30.670] [INFO] server - Process POST /login...
[2018-08-03T12:35:30.671] [INFO] server - GET uel: https://api.weixin.qq.com/sns/jscode2session?appid=wxcd3c0187d1067210&secret=22563d6b581e7a55a5e43fd5a6c66d21&js_code=001aF3Sr0hQn8f1LoCRr0ZxcSr0aF3Sr&grant_type=authorization_code
[2018-08-03T12:35:30.796] [INFO] server - Response POST /login cost 124ms
[2018-08-03T12:35:31.657] [INFO] server - Process POST /api/user/launch...
[2018-08-03T12:35:31.672] [INFO] server - Response POST /api/user/launch cost 15ms
[2018-08-03T12:35:53.661] [INFO] server - Process POST /login...
[2018-08-03T12:35:53.661] [INFO] server - GET uel: https://api.weixin.qq.com/sns/jscode2session?appid=wxcd3c0187d1067210&secret=22563d6b581e7a55a5e43fd5a6c66d21&js_code=001CMiai0fLa4y1Ngq6i0I6X9i0CMiaf&grant_type=authorization_code
[2018-08-03T12:35:53.773] [INFO] server - Response POST /login cost 112ms
[2018-08-03T12:35:54.658] [INFO] server - Process POST /api/user/launch...
[2018-08-03T12:35:54.670] [INFO] server - Response POST /api/user/launch cost 12ms
[2018-08-03T12:36:06.815] [INFO] server - Process POST /login...
[2018-08-03T12:36:06.816] [INFO] server - GET uel: https://api.weixin.qq.com/sns/jscode2session?appid=wxcd3c0187d1067210&secret=22563d6b581e7a55a5e43fd5a6c66d21&js_code=001nkBXa2md7WP0vjFWa2pPsXa2nkBXT&grant_type=authorization_code
[2018-08-03T12:36:06.931] [INFO] server - Response POST /login cost 115ms
[2018-08-03T12:36:08.657] [INFO] server - Process POST /api/user/launch...
[2018-08-03T12:36:08.668] [INFO] server - Response POST /api/user/launch cost 11ms
[2018-08-03T12:36:16.679] [INFO] server - Process POST /login...
[2018-08-03T12:36:16.680] [INFO] server - GET uel: https://api.weixin.qq.com/sns/jscode2session?appid=wxcd3c0187d1067210&secret=22563d6b581e7a55a5e43fd5a6c66d21&js_code=011H4U1f1cE85s0y9o3f1oQd2f1H4U1G&grant_type=authorization_code
[2018-08-03T12:36:16.795] [INFO] server - Response POST /login cost 115ms
[2018-08-03T12:36:17.658] [INFO] server - Process POST /api/user/launch...
[2018-08-03T12:36:17.666] [INFO] server - Response POST /api/user/launch cost 8ms
[2018-08-03T12:36:25.659] [INFO] server - Process POST /login...
[2018-08-03T12:36:25.659] [INFO] server - GET uel: https://api.weixin.qq.com/sns/jscode2session?appid=wxcd3c0187d1067210&secret=22563d6b581e7a55a5e43fd5a6c66d21&js_code=081SxIz32H8w6N0Q6sx32tLVz32SxIzz&grant_type=authorization_code
[2018-08-03T12:36:25.786] [INFO] server - Response POST /login cost 127ms
[2018-08-03T12:36:27.669] [INFO] server - Process POST /api/user/launch...
[2018-08-03T12:36:27.678] [INFO] server - Response POST /api/user/launch cost 8ms
[2018-08-03T12:36:50.661] [INFO] server - Process POST /login...
[2018-08-03T12:36:50.662] [INFO] server - GET uel: https://api.weixin.qq.com/sns/jscode2session?appid=wxcd3c0187d1067210&secret=22563d6b581e7a55a5e43fd5a6c66d21&js_code=081MsPbX0w6ak22QDaeX0OsDbX0MsPbY&grant_type=authorization_code
[2018-08-03T12:36:50.773] [INFO] server - Response POST /login cost 111ms
[2018-08-03T12:36:51.660] [INFO] server - Process POST /api/user/launch...
[2018-08-03T12:36:51.672] [INFO] server - Response POST /api/user/launch cost 12ms
[2018-08-03T12:38:00.810] [INFO] server - Process POST /login...
[2018-08-03T12:38:00.811] [INFO] server - GET uel: https://api.weixin.qq.com/sns/jscode2session?appid=wxcd3c0187d1067210&secret=22563d6b581e7a55a5e43fd5a6c66d21&js_code=02193YGv0U8hhb1TB6Hv0hTIGv093YGB&grant_type=authorization_code
[2018-08-03T12:38:00.919] [INFO] server - Response POST /login cost 109ms
[2018-08-03T12:38:02.676] [INFO] server - Process POST /login...
[2018-08-03T12:38:02.676] [INFO] server - GET uel: https://api.weixin.qq.com/sns/jscode2session?appid=wxcd3c0187d1067210&secret=22563d6b581e7a55a5e43fd5a6c66d21&js_code=021Cut1O0n63Bb2zs5ZN0azv1O0Cut1g&grant_type=authorization_code
[2018-08-03T12:38:02.800] [INFO] server - Response POST /login cost 124ms
[2018-08-03T12:38:03.664] [INFO] server - Process POST /api/user/launch...
[2018-08-03T12:38:03.678] [INFO] server - Response POST /api/user/launch cost 14ms
[2018-08-03T12:38:15.658] [INFO] server - Process POST /login...
[2018-08-03T12:38:15.658] [INFO] server - GET uel: https://api.weixin.qq.com/sns/jscode2session?appid=wxcd3c0187d1067210&secret=22563d6b581e7a55a5e43fd5a6c66d21&js_code=0013niuD0go87e2rYXuD0cBeuD03niuB&grant_type=authorization_code
[2018-08-03T12:38:15.782] [INFO] server - Response POST /login cost 124ms
[2018-08-03T12:38:16.658] [INFO] server - Process POST /api/user/launch...
[2018-08-03T12:38:16.673] [INFO] server - Response POST /api/user/launch cost 15ms
[2018-08-03T12:39:18.664] [INFO] server - Process POST /login...
[2018-08-03T12:39:18.665] [INFO] server - GET uel: https://api.weixin.qq.com/sns/jscode2session?appid=wxcd3c0187d1067210&secret=22563d6b581e7a55a5e43fd5a6c66d21&js_code=011H67oX1xPvfU0NJOmX1NE2oX1H67or&grant_type=authorization_code
[2018-08-03T12:39:18.784] [INFO] server - Response POST /login cost 119ms
[2018-08-03T12:39:20.674] [INFO] server - Process POST /login...
[2018-08-03T12:39:20.674] [INFO] server - GET uel: https://api.weixin.qq.com/sns/jscode2session?appid=wxcd3c0187d1067210&secret=22563d6b581e7a55a5e43fd5a6c66d21&js_code=061J2eAt0WsPhc16Asxt077xAt0J2eAQ&grant_type=authorization_code
[2018-08-03T12:39:20.782] [INFO] server - Response POST /login cost 108ms
[2018-08-03T12:39:23.674] [INFO] server - Process POST /login...
[2018-08-03T12:39:23.675] [INFO] server - GET uel: https://api.weixin.qq.com/sns/jscode2session?appid=wxcd3c0187d1067210&secret=22563d6b581e7a55a5e43fd5a6c66d21&js_code=071jjSrb2f4w8O0l2isb2zCFrb2jjSrK&grant_type=authorization_code
[2018-08-03T12:39:23.800] [INFO] server - Response POST /login cost 126ms
[2018-08-03T12:39:24.656] [INFO] server - Process POST /api/user/launch...
[2018-08-03T12:39:24.677] [INFO] server - Response POST /api/user/launch cost 20ms
[2018-08-03T12:39:34.660] [INFO] server - Process POST /login...
[2018-08-03T12:39:34.661] [INFO] server - GET uel: https://api.weixin.qq.com/sns/jscode2session?appid=wxcd3c0187d1067210&secret=22563d6b581e7a55a5e43fd5a6c66d21&js_code=001LcsbA10umSe0LjnbA1i3ibA1Lcsbw&grant_type=authorization_code
[2018-08-03T12:39:34.784] [INFO] server - Response POST /login cost 123ms
[2018-08-03T12:39:36.659] [INFO] server - Process POST /api/user/launch...
[2018-08-03T12:39:36.669] [INFO] server - Response POST /api/user/launch cost 10ms
[2018-08-03T12:39:57.676] [INFO] server - Process POST /login...
[2018-08-03T12:39:57.677] [INFO] server - GET uel: https://api.weixin.qq.com/sns/jscode2session?appid=wxcd3c0187d1067210&secret=22563d6b581e7a55a5e43fd5a6c66d21&js_code=0115LGX60bGZSH1bNoX603MEX605LGXg&grant_type=authorization_code
[2018-08-03T12:39:57.794] [INFO] server - Response POST /login cost 117ms
[2018-08-03T12:39:58.658] [INFO] server - Process POST /api/user/launch...
[2018-08-03T12:39:58.669] [INFO] server - Response POST /api/user/launch cost 10ms
[2018-08-03T12:40:28.674] [INFO] server - Process POST /login...
[2018-08-03T12:40:28.675] [INFO] server - GET uel: https://api.weixin.qq.com/sns/jscode2session?appid=wxcd3c0187d1067210&secret=22563d6b581e7a55a5e43fd5a6c66d21&js_code=001YWkKK0VF1N526HYJK0UWHKK0YWkK3&grant_type=authorization_code
[2018-08-03T12:40:28.798] [INFO] server - Response POST /login cost 123ms
[2018-08-03T12:40:29.657] [INFO] server - Process POST /api/user/launch...
[2018-08-03T12:40:29.670] [INFO] server - Response POST /api/user/launch cost 13ms
[2018-08-03T12:42:07.689] [INFO] server - Process POST /login...
[2018-08-03T12:42:07.690] [INFO] server - GET uel: https://api.weixin.qq.com/sns/jscode2session?appid=wxcd3c0187d1067210&secret=22563d6b581e7a55a5e43fd5a6c66d21&js_code=021hZ9Al1hI9zl0GS4Al1iNSzl1hZ9AP&grant_type=authorization_code
[2018-08-03T12:42:07.822] [INFO] server - Response POST /login cost 132ms
[2018-08-03T12:42:08.669] [INFO] server - Process POST /api/user/launch...
[2018-08-03T12:42:08.679] [INFO] server - Response POST /api/user/launch cost 10ms
[2018-08-03T12:43:52.492] [INFO] server - Process POST /login...
[2018-08-03T12:43:52.494] [INFO] server - GET uel: https://api.weixin.qq.com/sns/jscode2session?appid=wxcd3c0187d1067210&secret=22563d6b581e7a55a5e43fd5a6c66d21&js_code=011MKwjO1c52k31RQSgO1HCxjO1MKwjw&grant_type=authorization_code
[2018-08-03T12:43:52.713] [INFO] server - Response POST /login cost 219ms
[2018-08-03T12:43:52.763] [INFO] server - Process POST /api/user/launch...
[2018-08-03T12:43:52.844] [INFO] server - Response POST /api/user/launch cost 51ms
[2018-08-03T12:43:58.631] [INFO] server - Process POST /login...
[2018-08-03T12:43:58.639] [INFO] server - GET uel: https://api.weixin.qq.com/sns/jscode2session?appid=wxcd3c0187d1067210&secret=22563d6b581e7a55a5e43fd5a6c66d21&js_code=071oV4i91B5EqR1u9Cf91RYni91oV4iA&grant_type=authorization_code
[2018-08-03T12:43:58.771] [INFO] server - Response POST /login cost 133ms
[2018-08-03T12:43:58.813] [INFO] server - Process POST /api/user/launch...
[2018-08-03T12:43:58.831] [INFO] server - Response POST /api/user/launch cost 18ms
[2018-08-03T12:44:02.755] [INFO] server - Process POST /login...
[2018-08-03T12:44:02.756] [INFO] server - GET uel: https://api.weixin.qq.com/sns/jscode2session?appid=wxcd3c0187d1067210&secret=22563d6b581e7a55a5e43fd5a6c66d21&js_code=001Ang5e1pzbGr0NMS8e1vDj5e1Ang51&grant_type=authorization_code
[2018-08-03T12:44:02.885] [INFO] server - Response POST /login cost 129ms
[2018-08-03T12:44:02.923] [INFO] server - Process POST /api/user/launch...
[2018-08-03T12:44:02.960] [INFO] server - Response POST /api/user/launch cost 17ms
[2018-08-03T12:44:19.152] [INFO] server - Process POST /login...
[2018-08-03T12:44:19.153] [INFO] server - GET uel: https://api.weixin.qq.com/sns/jscode2session?appid=wxcd3c0187d1067210&secret=22563d6b581e7a55a5e43fd5a6c66d21&js_code=071u3tk80khdHG1yrVk80Kwrk80u3tk8&grant_type=authorization_code
[2018-08-03T12:44:19.280] [INFO] server - Response POST /login cost 128ms
[2018-08-03T12:44:20.795] [INFO] server - Process POST /login...
[2018-08-03T12:44:20.803] [INFO] server - GET uel: https://api.weixin.qq.com/sns/jscode2session?appid=wxcd3c0187d1067210&secret=22563d6b581e7a55a5e43fd5a6c66d21&js_code=071Xw52V1Eu8IW0Ao74V1YOc2V1Xw52E&grant_type=authorization_code
[2018-08-03T12:44:20.944] [INFO] server - Response POST /login cost 142ms
[2018-08-03T12:44:20.974] [INFO] server - Process POST /api/user/launch...
[2018-08-03T12:44:20.997] [INFO] server - Response POST /api/user/launch cost 15ms
[2018-08-03T12:44:22.533] [INFO] server - Process POST /login...
[2018-08-03T12:44:22.535] [INFO] server - GET uel: https://api.weixin.qq.com/sns/jscode2session?appid=wxcd3c0187d1067210&secret=22563d6b581e7a55a5e43fd5a6c66d21&js_code=0210NNbh15RF2z0veD9h13s1ch10NNbo&grant_type=authorization_code
[2018-08-03T12:44:22.669] [INFO] server - Response POST /login cost 135ms
[2018-08-03T12:44:22.713] [INFO] server - Process POST /api/user/launch...
[2018-08-03T12:44:22.730] [INFO] server - Response POST /api/user/launch cost 17ms
[2018-08-03T12:48:32.696] [INFO] server - Process POST /login...
[2018-08-03T12:48:32.697] [INFO] server - GET uel: https://api.weixin.qq.com/sns/jscode2session?appid=wxcd3c0187d1067210&secret=22563d6b581e7a55a5e43fd5a6c66d21&js_code=061LsqZk0erq1l1hz90l0vWnZk0LsqZ4&grant_type=authorization_code
[2018-08-03T12:48:32.817] [INFO] server - Response POST /login cost 120ms
[2018-08-03T12:48:33.657] [INFO] server - Process POST /api/user/launch...
[2018-08-03T12:48:33.667] [INFO] server - Response POST /api/user/launch cost 10ms
[2018-08-03T12:48:59.715] [INFO] server - Process POST /login...
[2018-08-03T12:48:59.717] [INFO] server - GET uel: https://api.weixin.qq.com/sns/jscode2session?appid=wxcd3c0187d1067210&secret=22563d6b581e7a55a5e43fd5a6c66d21&js_code=061hW6Mt0Iqxcc1ydxLt0CEdMt0hW6Mz&grant_type=authorization_code
[2018-08-03T12:48:59.830] [INFO] server - Response POST /login cost 113ms
[2018-08-03T12:49:00.683] [INFO] server - Process POST /api/user/launch...
[2018-08-03T12:49:00.773] [INFO] server - Response POST /api/user/launch cost 82ms
[2018-08-03T12:49:03.771] [INFO] server - Process POST /api/questions/range...
[2018-08-03T12:49:03.817] [INFO] server - Response POST /api/questions/range cost 12ms
[2018-08-03T12:49:04.659] [INFO] server - Process GET /questionResource/0029.jpg...
[2018-08-03T12:49:04.707] [INFO] server - Response GET /questionResource/0029.jpg cost 26ms
[2018-08-03T12:51:40.447] [INFO] server - Process POST /login...
[2018-08-03T12:51:40.448] [INFO] server - GET uel: https://api.weixin.qq.com/sns/jscode2session?appid=wxcd3c0187d1067210&secret=22563d6b581e7a55a5e43fd5a6c66d21&js_code=021sUwHk1iIjnm0eFUFk1yntHk1sUwHM&grant_type=authorization_code
[2018-08-03T12:51:40.579] [INFO] server - Response POST /login cost 131ms
[2018-08-03T12:51:40.668] [INFO] server - Process POST /api/user/launch...
[2018-08-03T12:51:40.695] [INFO] server - Response POST /api/user/launch cost 24ms
[2018-08-03T12:51:51.087] [INFO] server - Process POST /login...
[2018-08-03T12:51:51.092] [INFO] server - GET uel: https://api.weixin.qq.com/sns/jscode2session?appid=wxcd3c0187d1067210&secret=22563d6b581e7a55a5e43fd5a6c66d21&js_code=071aD2dv0grSNa1PMQdv0kx2dv0aD2dm&grant_type=authorization_code
[2018-08-03T12:51:51.272] [INFO] server - Response POST /login cost 181ms
[2018-08-03T12:51:51.333] [INFO] server - Process POST /api/user/launch...
[2018-08-03T12:51:51.401] [INFO] server - Response POST /api/user/launch cost 42ms
[2018-08-03T12:51:53.888] [INFO] server - Process POST /login...
[2018-08-03T12:51:53.890] [INFO] server - GET uel: https://api.weixin.qq.com/sns/jscode2session?appid=wxcd3c0187d1067210&secret=22563d6b581e7a55a5e43fd5a6c66d21&js_code=021Sc8rm06IMsk1UcFtm0G9orm0Sc8rY&grant_type=authorization_code
[2018-08-03T12:51:54.030] [INFO] server - Response POST /login cost 141ms
[2018-08-03T12:51:54.217] [INFO] server - Process POST /api/user/launch...
[2018-08-03T12:51:54.315] [INFO] server - Response POST /api/user/launch cost 84ms
[2018-08-03T12:51:56.107] [INFO] server - Process POST /login...
[2018-08-03T12:51:56.108] [INFO] server - GET uel: https://api.weixin.qq.com/sns/jscode2session?appid=wxcd3c0187d1067210&secret=22563d6b581e7a55a5e43fd5a6c66d21&js_code=0815B4Gh14S8hx0hZsGh1c7bGh15B4Gu&grant_type=authorization_code
[2018-08-03T12:51:56.220] [INFO] server - Response POST /login cost 112ms
[2018-08-03T12:51:56.265] [INFO] server - Process POST /api/user/launch...
[2018-08-03T12:51:56.296] [INFO] server - Response POST /api/user/launch cost 15ms
[2018-08-03T12:51:58.764] [INFO] server - Process POST /login...
[2018-08-03T12:51:58.766] [INFO] server - GET uel: https://api.weixin.qq.com/sns/jscode2session?appid=wxcd3c0187d1067210&secret=22563d6b581e7a55a5e43fd5a6c66d21&js_code=081pX8nO1ABhp31wYamO1dLtnO1pX8n-&grant_type=authorization_code
[2018-08-03T12:51:58.876] [INFO] server - Response POST /login cost 111ms
[2018-08-03T12:51:59.030] [INFO] server - Process POST /api/user/launch...
[2018-08-03T12:51:59.064] [INFO] server - Response POST /api/user/launch cost 32ms
[2018-08-03T12:52:00.002] [INFO] server - Process POST /login...
[2018-08-03T12:52:00.003] [INFO] server - GET uel: https://api.weixin.qq.com/sns/jscode2session?appid=wxcd3c0187d1067210&secret=22563d6b581e7a55a5e43fd5a6c66d21&js_code=0817Hk5e0ecyNA1E1M4e0cya5e07Hk5W&grant_type=authorization_code
[2018-08-03T12:52:00.125] [INFO] server - Response POST /login cost 122ms
[2018-08-03T12:52:00.144] [INFO] server - Process POST /api/user/launch...
[2018-08-03T12:52:00.163] [INFO] server - Response POST /api/user/launch cost 18ms
[2018-08-03T12:52:06.359] [INFO] server - Process POST /login...
[2018-08-03T12:52:06.368] [INFO] server - GET uel: https://api.weixin.qq.com/sns/jscode2session?appid=wxcd3c0187d1067210&secret=22563d6b581e7a55a5e43fd5a6c66d21&js_code=0012F0702bjAvZ0aR4502tK57022F07K&grant_type=authorization_code
[2018-08-03T12:52:06.505] [INFO] server - Response POST /login cost 138ms
[2018-08-03T12:52:06.592] [INFO] server - Process POST /api/user/launch...
[2018-08-03T12:52:06.642] [INFO] server - Response POST /api/user/launch cost 44ms
[2018-08-03T12:52:08.986] [INFO] server - Process POST /login...
[2018-08-03T12:52:08.992] [INFO] server - GET uel: https://api.weixin.qq.com/sns/jscode2session?appid=wxcd3c0187d1067210&secret=22563d6b581e7a55a5e43fd5a6c66d21&js_code=001p7XgH1YU7T80teghH16gLgH1p7Xgm&grant_type=authorization_code
[2018-08-03T12:52:09.140] [INFO] server - Response POST /login cost 148ms
[2018-08-03T12:52:10.236] [INFO] server - Process POST /login...
[2018-08-03T12:52:10.247] [INFO] server - GET uel: https://api.weixin.qq.com/sns/jscode2session?appid=wxcd3c0187d1067210&secret=22563d6b581e7a55a5e43fd5a6c66d21&js_code=001MAN0v0bnwTa1v592v0wzV0v0MAN0U&grant_type=authorization_code
[2018-08-03T12:52:10.435] [INFO] server - Response POST /login cost 188ms
[2018-08-03T12:52:10.587] [INFO] server - Process POST /api/user/launch...
[2018-08-03T12:52:10.670] [INFO] server - Response POST /api/user/launch cost 68ms
[2018-08-03T12:52:13.338] [INFO] server - Process POST /login...
[2018-08-03T12:52:13.339] [INFO] server - GET uel: https://api.weixin.qq.com/sns/jscode2session?appid=wxcd3c0187d1067210&secret=22563d6b581e7a55a5e43fd5a6c66d21&js_code=081dos982cxFoR0QZza82GaD982dos98&grant_type=authorization_code
[2018-08-03T12:52:13.461] [INFO] server - Response POST /login cost 122ms
[2018-08-03T12:52:13.470] [INFO] server - Process POST /api/user/launch...
[2018-08-03T12:52:13.484] [INFO] server - Response POST /api/user/launch cost 14ms
[2018-08-03T12:52:17.722] [INFO] server - Process POST /login...
[2018-08-03T12:52:17.727] [INFO] server - GET uel: https://api.weixin.qq.com/sns/jscode2session?appid=wxcd3c0187d1067210&secret=22563d6b581e7a55a5e43fd5a6c66d21&js_code=0712wD3q0o7f4q1C917q0idi3q02wD3I&grant_type=authorization_code
[2018-08-03T12:52:17.843] [INFO] server - Response POST /login cost 117ms
[2018-08-03T12:52:20.715] [INFO] server - Process POST /login...
[2018-08-03T12:52:20.716] [INFO] server - GET uel: https://api.weixin.qq.com/sns/jscode2session?appid=wxcd3c0187d1067210&secret=22563d6b581e7a55a5e43fd5a6c66d21&js_code=011RoCK91eI6UP1YUON91r3mK91RoCKL&grant_type=authorization_code
[2018-08-03T12:52:20.838] [INFO] server - Response POST /login cost 122ms
[2018-08-03T12:52:21.031] [INFO] server - Process POST /api/user/launch...
[2018-08-03T12:52:21.066] [INFO] server - Response POST /api/user/launch cost 35ms
[2018-08-03T12:52:22.197] [INFO] server - Process POST /login...
[2018-08-03T12:52:22.200] [INFO] server - GET uel: https://api.weixin.qq.com/sns/jscode2session?appid=wxcd3c0187d1067210&secret=22563d6b581e7a55a5e43fd5a6c66d21&js_code=0815ItYn0cyB7r1OYbXn0lHnYn05ItYM&grant_type=authorization_code
[2018-08-03T12:52:22.317] [INFO] server - Response POST /login cost 117ms
[2018-08-03T12:52:22.334] [INFO] server - Process POST /api/user/launch...
[2018-08-03T12:52:22.359] [INFO] server - Response POST /api/user/launch cost 24ms
[2018-08-03T12:52:46.072] [INFO] server - Process POST /api/questions/range...
[2018-08-03T12:52:46.083] [INFO] server - Response POST /api/questions/range cost 9ms
[2018-08-03T12:52:46.864] [INFO] server - Process GET /questionResource/0029.jpg...
[2018-08-03T12:52:46.869] [INFO] server - Response GET /questionResource/0029.jpg cost 2ms
[2018-08-03T12:53:35.514] [INFO] server - Process POST /login...
[2018-08-03T12:53:35.515] [INFO] server - GET uel: https://api.weixin.qq.com/sns/jscode2session?appid=wxcd3c0187d1067210&secret=22563d6b581e7a55a5e43fd5a6c66d21&js_code=061a30Ok1aKrcm01U3Mk1e4dOk1a30O4&grant_type=authorization_code
[2018-08-03T12:53:35.647] [INFO] server - Response POST /login cost 132ms
[2018-08-03T12:53:35.671] [INFO] server - Process POST /api/user/launch...
[2018-08-03T12:53:35.714] [INFO] server - Response POST /api/user/launch cost 41ms
[2018-08-03T12:53:57.840] [INFO] server - Process POST /login...
[2018-08-03T12:53:57.852] [INFO] server - GET uel: https://api.weixin.qq.com/sns/jscode2session?appid=wxcd3c0187d1067210&secret=22563d6b581e7a55a5e43fd5a6c66d21&js_code=021sxRM01mcFPY1B99K01BMOM01sxRMf&grant_type=authorization_code
[2018-08-03T12:53:57.984] [INFO] server - Response POST /login cost 132ms
[2018-08-03T12:53:58.003] [INFO] server - Process POST /api/user/launch...
[2018-08-03T12:53:58.017] [INFO] server - Response POST /api/user/launch cost 13ms
[2018-08-03T12:54:03.519] [INFO] server - Process POST /login...
[2018-08-03T12:54:03.520] [INFO] server - GET uel: https://api.weixin.qq.com/sns/jscode2session?appid=wxcd3c0187d1067210&secret=22563d6b581e7a55a5e43fd5a6c66d21&js_code=071BLboT0XVmfY1ePimT06i5oT0BLboK&grant_type=authorization_code
[2018-08-03T12:54:03.634] [INFO] server - Response POST /login cost 114ms
[2018-08-03T12:54:03.672] [INFO] server - Process POST /api/user/launch...
[2018-08-03T12:54:03.690] [INFO] server - Response POST /api/user/launch cost 18ms
[2018-08-03T12:54:08.522] [INFO] server - Process POST /login...
[2018-08-03T12:54:08.530] [INFO] server - GET uel: https://api.weixin.qq.com/sns/jscode2session?appid=wxcd3c0187d1067210&secret=22563d6b581e7a55a5e43fd5a6c66d21&js_code=071zghGc2M8uKD0vY8Ic2dx5Gc2zghGb&grant_type=authorization_code
[2018-08-03T12:54:08.700] [INFO] server - Response POST /login cost 170ms
[2018-08-03T12:54:08.777] [INFO] server - Process POST /api/user/launch...
[2018-08-03T12:54:08.868] [INFO] server - Response POST /api/user/launch cost 81ms
[2018-08-03T12:54:18.011] [INFO] server - Process POST /login...
[2018-08-03T12:54:18.012] [INFO] server - GET uel: https://api.weixin.qq.com/sns/jscode2session?appid=wxcd3c0187d1067210&secret=22563d6b581e7a55a5e43fd5a6c66d21&js_code=071f74Tn0OVW1r1Q9rTn0aQ7Tn0f74TZ&grant_type=authorization_code
[2018-08-03T12:54:18.208] [INFO] server - Response POST /login cost 196ms
[2018-08-03T12:54:18.223] [INFO] server - Process POST /api/user/launch...
[2018-08-03T12:54:18.234] [INFO] server - Response POST /api/user/launch cost 9ms
[2018-08-03T12:54:23.593] [INFO] server - Process POST /login...
[2018-08-03T12:54:23.606] [INFO] server - GET uel: https://api.weixin.qq.com/sns/jscode2session?appid=wxcd3c0187d1067210&secret=22563d6b581e7a55a5e43fd5a6c66d21&js_code=001KL4xp0GeWyp1Rtsvp0129xp0KL4xM&grant_type=authorization_code
[2018-08-03T12:54:23.743] [INFO] server - Response POST /login cost 138ms
[2018-08-03T12:54:23.788] [INFO] server - Process POST /api/user/launch...
[2018-08-03T12:54:23.809] [INFO] server - Response POST /api/user/launch cost 20ms
[2018-08-03T12:54:42.237] [INFO] server - Process POST /login...
[2018-08-03T12:54:42.247] [INFO] server - GET uel: https://api.weixin.qq.com/sns/jscode2session?appid=wxcd3c0187d1067210&secret=22563d6b581e7a55a5e43fd5a6c66d21&js_code=061wo0671THyLT1Sq77711cN571wo06c&grant_type=authorization_code
[2018-08-03T12:54:42.412] [INFO] server - Response POST /login cost 166ms
[2018-08-03T12:54:45.545] [INFO] server - Process POST /login...
[2018-08-03T12:54:45.548] [INFO] server - GET uel: https://api.weixin.qq.com/sns/jscode2session?appid=wxcd3c0187d1067210&secret=22563d6b581e7a55a5e43fd5a6c66d21&js_code=0119K1531QTxuN12fj531zWK4319K15z&grant_type=authorization_code
[2018-08-03T12:54:45.676] [INFO] server - Response POST /login cost 129ms
[2018-08-03T12:54:45.731] [INFO] server - Process POST /api/user/launch...
[2018-08-03T12:54:45.745] [INFO] server - Response POST /api/user/launch cost 14ms
[2018-08-03T12:54:48.869] [INFO] server - Process POST /login...
[2018-08-03T12:54:48.882] [INFO] server - GET uel: https://api.weixin.qq.com/sns/jscode2session?appid=wxcd3c0187d1067210&secret=22563d6b581e7a55a5e43fd5a6c66d21&js_code=001l2OsZ0gzb302B7IvZ07H3tZ0l2Osp&grant_type=authorization_code
[2018-08-03T12:54:49.020] [INFO] server - Response POST /login cost 139ms
[2018-08-03T12:54:49.052] [INFO] server - Process POST /api/user/launch...
[2018-08-03T12:54:49.070] [INFO] server - Response POST /api/user/launch cost 16ms
[2018-08-03T12:54:55.182] [INFO] server - Process POST /api/questions/range...
[2018-08-03T12:54:55.186] [INFO] server - Response POST /api/questions/range cost 3ms
[2018-08-03T12:54:56.015] [INFO] server - Process GET /questionResource/0029.jpg...
[2018-08-03T12:54:56.017] [INFO] server - Response GET /questionResource/0029.jpg cost 2ms
[2018-08-03T12:55:20.879] [INFO] server - Process GET /questionResource/$%7BimgNum%7D.jpg...
[2018-08-03T12:55:20.882] [INFO] server - Response GET /questionResource/$%7BimgNum%7D.jpg cost 3ms
[2018-08-03T12:55:32.682] [INFO] server - Process POST /login...
[2018-08-03T12:55:32.684] [INFO] server - GET uel: https://api.weixin.qq.com/sns/jscode2session?appid=wxcd3c0187d1067210&secret=22563d6b581e7a55a5e43fd5a6c66d21&js_code=081uaump1zNmLq0EXPpp1PAqmp1uaumg&grant_type=authorization_code
[2018-08-03T12:55:32.946] [INFO] server - Response POST /login cost 262ms
[2018-08-03T12:55:34.156] [INFO] server - Process POST /login...
[2018-08-03T12:55:34.157] [INFO] server - GET uel: https://api.weixin.qq.com/sns/jscode2session?appid=wxcd3c0187d1067210&secret=22563d6b581e7a55a5e43fd5a6c66d21&js_code=081WSp9Q1f0mza1JOK9Q1dZ79Q1WSp9M&grant_type=authorization_code
[2018-08-03T12:55:34.278] [INFO] server - Response POST /login cost 121ms
[2018-08-03T12:55:34.313] [INFO] server - Process POST /api/user/launch...
[2018-08-03T12:55:34.345] [INFO] server - Response POST /api/user/launch cost 31ms
[2018-08-03T12:56:02.970] [INFO] server - Process POST /api/questions/range...
[2018-08-03T12:56:02.983] [INFO] server - Response POST /api/questions/range cost 9ms
[2018-08-03T12:56:03.817] [INFO] server - Process GET /questionResource/0029.jpg...
[2018-08-03T12:56:03.818] [INFO] server - Response GET /questionResource/0029.jpg cost 1ms
[2018-08-03T12:56:32.679] [INFO] server - Process POST /login...
[2018-08-03T12:56:32.680] [INFO] server - GET uel: https://api.weixin.qq.com/sns/jscode2session?appid=wxcd3c0187d1067210&secret=22563d6b581e7a55a5e43fd5a6c66d21&js_code=071cvCL2058H8D1WZfN20vqXL20cvCLY&grant_type=authorization_code
[2018-08-03T12:56:32.818] [INFO] server - Response POST /login cost 139ms
[2018-08-03T12:56:33.658] [INFO] server - Process POST /api/user/launch...
[2018-08-03T12:56:33.671] [INFO] server - Response POST /api/user/launch cost 12ms
[2018-08-03T12:56:46.839] [INFO] server - Process GET /questionResource/$%7BimgNum%7D.jpg...
[2018-08-03T12:56:46.840] [INFO] server - Response GET /questionResource/$%7BimgNum%7D.jpg cost 1ms
[2018-08-03T12:56:55.660] [INFO] server - Process POST /login...
[2018-08-03T12:56:55.660] [INFO] server - GET uel: https://api.weixin.qq.com/sns/jscode2session?appid=wxcd3c0187d1067210&secret=22563d6b581e7a55a5e43fd5a6c66d21&js_code=0214mm3i23j0IH09ZE3i2kLj3i24mm3G&grant_type=authorization_code
[2018-08-03T12:56:55.770] [INFO] server - Response POST /login cost 110ms
[2018-08-03T12:56:56.669] [INFO] server - Process POST /api/user/launch...
[2018-08-03T12:56:56.678] [INFO] server - Response POST /api/user/launch cost 9ms
[2018-08-03T12:57:19.664] [INFO] server - Process POST /login...
[2018-08-03T12:57:19.665] [INFO] server - GET uel: https://api.weixin.qq.com/sns/jscode2session?appid=wxcd3c0187d1067210&secret=22563d6b581e7a55a5e43fd5a6c66d21&js_code=061fFnlr0kW5Be1jRamr0PRklr0fFnln&grant_type=authorization_code
[2018-08-03T12:57:19.791] [INFO] server - Response POST /login cost 126ms
[2018-08-03T12:57:20.674] [INFO] server - Process POST /api/user/launch...
[2018-08-03T12:57:20.688] [INFO] server - Response POST /api/user/launch cost 14ms
[2018-08-03T12:57:43.663] [INFO] server - Process POST /login...
[2018-08-03T12:57:43.664] [INFO] server - GET uel: https://api.weixin.qq.com/sns/jscode2session?appid=wxcd3c0187d1067210&secret=22563d6b581e7a55a5e43fd5a6c66d21&js_code=021teC2x13Hg2a0zZB4x1imG2x1teC2u&grant_type=authorization_code
[2018-08-03T12:57:43.783] [INFO] server - Response POST /login cost 120ms
[2018-08-03T12:57:44.660] [INFO] server - Process POST /api/user/launch...
[2018-08-03T12:57:44.689] [INFO] server - Response POST /api/user/launch cost 28ms
[2018-08-03T12:57:47.988] [INFO] server - Process POST /api/questions/range...
[2018-08-03T12:57:47.997] [INFO] server - Response POST /api/questions/range cost 3ms
[2018-08-03T12:57:48.803] [INFO] server - Process GET /questionResource/0029.jpg...
[2018-08-03T12:57:48.804] [INFO] server - Response GET /questionResource/0029.jpg cost 1ms
[2018-08-03T12:58:15.683] [INFO] server - Process POST /login...
[2018-08-03T12:58:15.684] [INFO] server - GET uel: https://api.weixin.qq.com/sns/jscode2session?appid=wxcd3c0187d1067210&secret=22563d6b581e7a55a5e43fd5a6c66d21&js_code=081KQPw92dQHkR0Cv7y920FNw92KQPwr&grant_type=authorization_code
[2018-08-03T12:58:15.798] [INFO] server - Response POST /login cost 115ms
[2018-08-03T12:58:17.655] [INFO] server - Process POST /api/user/launch...
[2018-08-03T12:58:17.672] [INFO] server - Response POST /api/user/launch cost 16ms
[2018-08-03T12:58:24.820] [INFO] server - Process POST /login...
[2018-08-03T12:58:24.821] [INFO] server - GET uel: https://api.weixin.qq.com/sns/jscode2session?appid=wxcd3c0187d1067210&secret=22563d6b581e7a55a5e43fd5a6c66d21&js_code=011RxDLU0HbV2X14tKHU0YrBLU0RxDL7&grant_type=authorization_code
[2018-08-03T12:58:24.940] [INFO] server - Response POST /login cost 119ms
[2018-08-03T12:58:25.693] [INFO] server - Process POST /api/user/launch...
[2018-08-03T12:58:25.704] [INFO] server - Response POST /api/user/launch cost 9ms
[2018-08-03T12:58:28.682] [INFO] server - Process POST /login...
[2018-08-03T12:58:28.683] [INFO] server - GET uel: https://api.weixin.qq.com/sns/jscode2session?appid=wxcd3c0187d1067210&secret=22563d6b581e7a55a5e43fd5a6c66d21&js_code=011oVQmE1pq2t10XX1oE1G8JmE1oVQm3&grant_type=authorization_code
[2018-08-03T12:58:28.805] [INFO] server - Response POST /login cost 122ms
[2018-08-03T12:58:29.684] [INFO] server - Process POST /api/user/launch...
[2018-08-03T12:58:29.702] [INFO] server - Response POST /api/user/launch cost 18ms
[2018-08-03T12:58:36.829] [INFO] server - Process POST /api/questions/range...
[2018-08-03T12:58:36.834] [INFO] server - Response POST /api/questions/range cost 4ms
[2018-08-03T12:58:37.709] [INFO] server - Process GET /questionResource/0029.jpg...
[2018-08-03T12:58:37.711] [INFO] server - Response GET /questionResource/0029.jpg cost 1ms
[2018-08-03T12:58:45.691] [INFO] server - Process GET /questionResource/$%7BimgNum%7D.jpg...
[2018-08-03T12:58:45.692] [INFO] server - Response GET /questionResource/$%7BimgNum%7D.jpg cost 1ms
[2018-08-03T12:59:34.292] [INFO] server - Process GET /questionResource/$%7BimgNum%7D.jpg...
[2018-08-03T12:59:34.293] [INFO] server - Response GET /questionResource/$%7BimgNum%7D.jpg cost 1ms
[2018-08-03T12:59:42.687] [INFO] server - Process POST /login...
[2018-08-03T12:59:42.687] [INFO] server - GET uel: https://api.weixin.qq.com/sns/jscode2session?appid=wxcd3c0187d1067210&secret=22563d6b581e7a55a5e43fd5a6c66d21&js_code=061ci2Lu1zrEhc0gA6Lu1Jq9Lu1ci2Lc&grant_type=authorization_code
[2018-08-03T12:59:42.802] [INFO] server - Response POST /login cost 115ms
[2018-08-03T12:59:43.659] [INFO] server - Process POST /api/user/launch...
[2018-08-03T12:59:43.671] [INFO] server - Response POST /api/user/launch cost 12ms
[2018-08-03T13:01:39.447] [INFO] server - Process GET /questionResource/$%7BimgNum%7D.jpg...
[2018-08-03T13:01:39.448] [INFO] server - Response GET /questionResource/$%7BimgNum%7D.jpg cost 0ms
[2018-08-03T13:02:26.675] [INFO] server - Process POST /login...
[2018-08-03T13:02:26.675] [INFO] server - GET uel: https://api.weixin.qq.com/sns/jscode2session?appid=wxcd3c0187d1067210&secret=22563d6b581e7a55a5e43fd5a6c66d21&js_code=071chFu417yldN1Ulcw41KNVu41chFu3&grant_type=authorization_code
[2018-08-03T13:02:26.799] [INFO] server - Response POST /login cost 123ms
[2018-08-03T13:02:27.669] [INFO] server - Process POST /api/user/launch...
[2018-08-03T13:02:27.685] [INFO] server - Response POST /api/user/launch cost 15ms
[2018-08-03T13:03:36.678] [INFO] server - Process POST /login...
[2018-08-03T13:03:36.679] [INFO] server - GET uel: https://api.weixin.qq.com/sns/jscode2session?appid=wxcd3c0187d1067210&secret=22563d6b581e7a55a5e43fd5a6c66d21&js_code=001WRhD12yIi3Z06vjC12k8xD12WRhDH&grant_type=authorization_code
[2018-08-03T13:03:36.804] [INFO] server - Response POST /login cost 126ms
[2018-08-03T13:03:37.725] [INFO] server - Process POST /api/user/launch...
[2018-08-03T13:03:37.746] [INFO] server - Response POST /api/user/launch cost 20ms
[2018-08-03T13:04:15.676] [INFO] server - Process POST /login...
[2018-08-03T13:04:15.676] [INFO] server - GET uel: https://api.weixin.qq.com/sns/jscode2session?appid=wxcd3c0187d1067210&secret=22563d6b581e7a55a5e43fd5a6c66d21&js_code=061GV0Hb0Sa5bu1PLqGb0ma9Hb0GV0Hq&grant_type=authorization_code
[2018-08-03T13:04:15.781] [INFO] server - Response POST /login cost 105ms
[2018-08-03T13:04:16.659] [INFO] server - Process POST /api/user/launch...
[2018-08-03T13:04:16.683] [INFO] server - Response POST /api/user/launch cost 23ms
[2018-08-03T13:04:29.717] [INFO] server - Process POST /login...
[2018-08-03T13:04:29.718] [INFO] server - GET uel: https://api.weixin.qq.com/sns/jscode2session?appid=wxcd3c0187d1067210&secret=22563d6b581e7a55a5e43fd5a6c66d21&js_code=001SHamh20Q9pI0VKEkh2yvZlh2SHame&grant_type=authorization_code
[2018-08-03T13:04:29.843] [INFO] server - Response POST /login cost 125ms
[2018-08-03T13:04:30.657] [INFO] server - Process POST /api/user/launch...
[2018-08-03T13:04:30.673] [INFO] server - Response POST /api/user/launch cost 15ms
[2018-08-03T13:04:38.683] [INFO] server - Process POST /login...
[2018-08-03T13:04:38.684] [INFO] server - GET uel: https://api.weixin.qq.com/sns/jscode2session?appid=wxcd3c0187d1067210&secret=22563d6b581e7a55a5e43fd5a6c66d21&js_code=0614Vcny0e6Fvg1mI2ny0rurny04Vcnm&grant_type=authorization_code
[2018-08-03T13:04:38.806] [INFO] server - Response POST /login cost 123ms
[2018-08-03T13:04:39.662] [INFO] server - Process POST /api/user/launch...
[2018-08-03T13:04:39.671] [INFO] server - Response POST /api/user/launch cost 9ms
[2018-08-03T13:05:02.700] [INFO] server - Process POST /login...
[2018-08-03T13:05:02.701] [INFO] server - GET uel: https://api.weixin.qq.com/sns/jscode2session?appid=wxcd3c0187d1067210&secret=22563d6b581e7a55a5e43fd5a6c66d21&js_code=011Cigt81pRwbR1eL1u81LEot81CigtW&grant_type=authorization_code
[2018-08-03T13:05:02.805] [INFO] server - Response POST /login cost 103ms
[2018-08-03T13:05:03.660] [INFO] server - Process POST /api/user/launch...
[2018-08-03T13:05:03.670] [INFO] server - Response POST /api/user/launch cost 10ms
[2018-08-03T13:05:13.687] [INFO] server - Process POST /login...
[2018-08-03T13:05:13.688] [INFO] server - GET uel: https://api.weixin.qq.com/sns/jscode2session?appid=wxcd3c0187d1067210&secret=22563d6b581e7a55a5e43fd5a6c66d21&js_code=021RAOz80XxNvH1Hy0A809qYz80RAOz0&grant_type=authorization_code
[2018-08-03T13:05:13.809] [INFO] server - Response POST /login cost 121ms
[2018-08-03T13:05:14.706] [INFO] server - Process POST /api/user/launch...
[2018-08-03T13:05:14.716] [INFO] server - Response POST /api/user/launch cost 10ms
[2018-08-03T13:05:18.661] [INFO] server - Process POST /login...
[2018-08-03T13:05:18.661] [INFO] server - GET uel: https://api.weixin.qq.com/sns/jscode2session?appid=wxcd3c0187d1067210&secret=22563d6b581e7a55a5e43fd5a6c66d21&js_code=001WVI9A04gy2g1Pe6bA04oI9A0WVI9J&grant_type=authorization_code
[2018-08-03T13:05:18.774] [INFO] server - Response POST /login cost 113ms
[2018-08-03T13:05:19.659] [INFO] server - Process POST /api/user/launch...
[2018-08-03T13:05:19.670] [INFO] server - Response POST /api/user/launch cost 10ms
[2018-08-03T13:05:44.713] [INFO] server - Process POST /login...
[2018-08-03T13:05:44.714] [INFO] server - GET uel: https://api.weixin.qq.com/sns/jscode2session?appid=wxcd3c0187d1067210&secret=22563d6b581e7a55a5e43fd5a6c66d21&js_code=021X9yr11aYPcZ1RxRt11Tbur11X9yrh&grant_type=authorization_code
[2018-08-03T13:05:44.837] [INFO] server - Response POST /login cost 123ms
[2018-08-03T13:05:46.687] [INFO] server - Process POST /login...
[2018-08-03T13:05:46.688] [INFO] server - GET uel: https://api.weixin.qq.com/sns/jscode2session?appid=wxcd3c0187d1067210&secret=22563d6b581e7a55a5e43fd5a6c66d21&js_code=001IOksg1ZYtBy02eNtg1ndksg1IOksA&grant_type=authorization_code
[2018-08-03T13:05:46.803] [INFO] server - Response POST /login cost 115ms
[2018-08-03T13:05:47.663] [INFO] server - Process POST /api/user/launch...
[2018-08-03T13:05:47.673] [INFO] server - Response POST /api/user/launch cost 10ms
[2018-08-03T13:06:12.120] [INFO] server - Process POST /api/questions/range...
[2018-08-03T13:06:12.145] [INFO] server - Response POST /api/questions/range cost 12ms
[2018-08-03T13:06:13.427] [INFO] server - Process GET /questionResource/0029.jpg...
[2018-08-03T13:06:13.428] [INFO] server - Response GET /questionResource/0029.jpg cost 1ms
[2018-08-03T13:06:19.858] [INFO] server - Process POST /api/user/latestQuestion...
[2018-08-03T13:06:19.890] [INFO] server - Response POST /api/user/latestQuestion cost 30ms
[2018-08-03T13:06:20.838] [INFO] server - Process POST /api/questions/range...
[2018-08-03T13:06:20.855] [INFO] server - Response POST /api/questions/range cost 13ms
[2018-08-03T13:06:22.104] [INFO] server - Process GET /questionResource/0029.jpg...
[2018-08-03T13:06:22.106] [INFO] server - Response GET /questionResource/0029.jpg cost 2ms
